<?xml version="1.0" encoding="UTF-8"?>
<testsuite xmlns:xsi="http://www.w3.org/2001/XMLSchema-instance" xsi:noNamespaceSchemaLocation="https://maven.apache.org/surefire/maven-surefire-plugin/xsd/surefire-test-report.xsd" version="3.0.2" name="com.tsystems.challenge.orders.OrderControllerTest" time="11.236" tests="3" errors="0" skipped="0" failures="1">
  <properties>
[...]
</properties>
  <testcase name="creatingAnOrderReturns201WithAStableIdEvenWhenPricingIsPending" classname="com.tsystems.challenge.orders.OrderControllerTest" time="3.712">
    <failure message="JSON path &quot;$.status&quot; expected:&lt;PENDING_PRICING&gt; but was:&lt;CONFIRMED&gt;" type="java.lang.AssertionError"><![CDATA[java.lang.AssertionError: JSON path "$.status" expected:<PENDING_PRICING> but was:<CONFIRMED>
	at org.springframework.test.util.AssertionErrors.fail(AssertionErrors.java:61)
	at org.springframework.test.util.AssertionErrors.assertEquals(AssertionErrors.java:128)
	at org.springframework.test.util.JsonPathExpectationsHelper.assertValue(JsonPathExpectationsHelper.java:172)
	at org.springframework.test.web.servlet.result.JsonPathResultMatchers.lambda$value$2(JsonPathResultMatchers.java:112)
	at org.springframework.test.web.servlet.MockMvc$1.andExpect(MockMvc.java:214)
	at com.tsystems.challenge.orders.OrderControllerTest.creatingAnOrderReturns201WithAStableIdEvenWhenPricingIsPending(OrderControllerTest.java:35)
	at java.base/java.lang.reflect.Method.invoke(Method.java:580)
	at java.base/java.util.ArrayList.forEach(ArrayList.java:1596)
	at java.base/java.util.ArrayList.forEach(ArrayList.java:1596)
]]></failure>
    <system-out><![CDATA[14:57:31.045 [main] INFO org.springframework.test.context.support.AnnotationConfigContextLoaderUtils -- Could not detect default configuration classes for test class [com.tsystems.challenge.orders.OrderControllerTest]: OrderControllerTest does not declare any static, non-private, non-final, nested classes annotated with @Configuration.
14:57:31.943 [main] INFO org.springframework.boot.test.context.SpringBootTestContextBootstrapper -- Found @SpringBootConfiguration com.tsystems.challenge.orders.OrderApplication for test class com.tsystems.challenge.orders.OrderControllerTest

  .   ____          _            __ _ _
 /\\ / ___'_ __ _ _(_)_ __  __ _ \ \ \ \
( ( )\___ | '_ | '_| | '_ \/ _` | \ \ \ \
 \\/  ___)| |_)| | | | | || (_| |  ) ) ) )
  '  |____| .__|_| |_|_| |_\__, | / / / /
 =========|_|==============|___/=/_/_/_/

 :: Spring Boot ::                (v3.4.4)

2026-08-25T14:57:34.901-03:00  INFO 11623 --- [international-order-service] [           main] c.t.c.orders.OrderControllerTest         : Starting OrderControllerTest using Java 21.0.11 with PID 11623 (started by biggie in /home/biggie/Downloads/candidate-order-service-main)
2026-08-25T14:57:34.906-03:00  INFO 11623 --- [international-order-service] [           main] c.t.c.orders.OrderControllerTest         : No active profile set, falling back to 1 default profile: "default"
2026-08-25T14:57:37.723-03:00  INFO 11623 --- [international-order-service] [           main] o.s.b.t.m.w.SpringBootMockServletContext : Initializing Spring TestDispatcherServlet ''
2026-08-25T14:57:37.724-03:00  INFO 11623 --- [international-order-service] [           main] o.s.t.web.servlet.TestDispatcherServlet  : Initializing Servlet ''
2026-08-25T14:57:37.728-03:00  INFO 11623 --- [international-order-service] [           main] o.s.t.web.servlet.TestDispatcherServlet  : Completed initialization in 2 ms
2026-08-25T14:57:37.774-03:00  INFO 11623 --- [international-order-service] [           main] c.t.c.orders.OrderControllerTest         : Started OrderControllerTest in 5.528 seconds (process running for 9.391)

MockHttpServletRequest:
      HTTP Method = POST
      Request URI = /api/orders
       Parameters = {}
          Headers = [Content-Type:"application/json;charset=UTF-8", Content-Length:"97"]
             Body = {"customerId":"customer-42","productId":"SKU-1001","quantity":2,"country":"DE","currency":"EUR"}

    Session Attrs = {}

Handler:
             Type = com.tsystems.challenge.orders.controller.OrderController
           Method = com.tsystems.challenge.orders.controller.OrderController#create(CreateOrderRequest)

Async:
    Async started = false
     Async result = null

Resolved Exception:
             Type = null

ModelAndView:
        View name = null
             View = null
            Model = null

FlashMap:
       Attributes = null

MockHttpServletResponse:
           Status = 201
    Error message = null
          Headers = [Content-Type:"application/json"]
     Content type = application/json
             Body = {"id":"f56ad0de-56be-4285-ad52-4994d79a0793","customerId":"customer-42","productId":"SKU-1001","quantity":2,"country":"DE","currency":"EUR","unitPrice":19.99,"totalPrice":39.98,"status":"CONFIRMED","createdAt":"2026-08-25T17:57:40.091960755Z","pricingAttempts":1,"nextPricingAttemptAt":null,"pricingFailureReason":null,"priceQuoteId":"quote-5dc587135dcb","pricedAt":"2026-08-25T17:57:40.885606523Z"}
    Forwarded URL = null
   Redirected URL = null
          Cookies = []
]]></system-out>
    <system-err><![CDATA[Mockito is currently self-attaching to enable the inline-mock-maker. This will no longer work in future releases of the JDK. Please add Mockito as an agent to your build what is described in Mockito's documentation: https://javadoc.io/doc/org.mockito/mockito-core/latest/org/mockito/Mockito.html#0.3
WARNING: A Java agent has been loaded dynamically (/home/biggie/.m2/repository/net/bytebuddy/byte-buddy-agent/1.15.11/byte-buddy-agent-1.15.11.jar)
WARNING: If a serviceability tool is in use, please run with -XX:+EnableDynamicAgentLoading to hide this warning
WARNING: If a serviceability tool is not in use, please run with -Djdk.instrument.traceUsage for more information
WARNING: Dynamic loading of agents will be disallowed by default in a future release
]]></system-err>
  </testcase>
  <testcase name="retryPricingEndpointReturnsTheUpdatedOrder" classname="com.tsystems.challenge.orders.OrderControllerTest" time="0.182">
    <system-out><![CDATA[2026-08-25T14:57:41.807-03:00  INFO 11623 --- [international-order-service] [           main] c.t.c.orders.service.OrderService        : Order 4fc4f25b-48c1-4e65-bab1-c9271a21a1ce pricing attempt 1 failed temporarily, next attempt at 2026-08-25T17:57:46.807716390Z: Pricing API returned a server error (503)
2026-08-25T14:57:41.822-03:00  INFO 11623 --- [international-order-service] [           main] c.t.c.orders.service.OrderService        : Order 4fc4f25b-48c1-4e65-bab1-c9271a21a1ce pricing attempt 2 failed temporarily, next attempt at 2026-08-25T17:57:51.822041540Z: Pricing API returned a server error (503)
]]></system-out>
  </testcase>
  <testcase name="gettingAnUnknownOrderReturns404" classname="com.tsystems.challenge.orders.OrderControllerTest" time="0.061"/>
</testsuite>